{
  "stats": {
    "suites": 1,
    "tests": 2,
    "passes": 2,
    "pending": 0,
    "failures": 0,
    "start": "2023-05-03T11:56:35.007Z",
    "end": "2023-05-03T11:57:20.857Z",
    "duration": 45850,
    "testsRegistered": 2,
    "passPercent": 100,
    "pendingPercent": 0,
    "other": 0,
    "hasOther": false,
    "skipped": 0,
    "hasSkipped": false
  },
  "results": [
    {
      "uuid": "8714115b-6902-4bea-a128-51c8eec64e9c",
      "title": "",
      "fullFile": "",
      "file": "",
      "beforeHooks": [],
      "afterHooks": [],
      "tests": [],
      "suites": [
        {
          "uuid": "4f69d1d4-47be-486f-9fdb-c6b80eefb595",
          "title": "Solution Catalogue",
          "fullFile": "",
          "file": "",
          "beforeHooks": [],
          "afterHooks": [],
          "tests": [
            {
              "title": "Validating user can login.",
              "fullTitle": "Solution Catalogue Validating user can login.",
              "timedOut": null,
              "duration": 31736,
              "state": "passed",
              "speed": "slow",
              "pass": true,
              "fail": false,
              "pending": false,
              "context": null,
              "code": "const state = window.testState;\nreturn cy\n  .then(() => state.onStartScenario(scenario, indexedSteps))\n  .then(() =>\n    resolveAndRunBeforeHooks.call(this, scenario.tags, state.feature.name)\n  )\n  .then(() =>\n    indexedSteps.forEach((step) =>\n      stepTest.call(this, state, step, rowData)\n    )\n  )\n  .then(() => state.onFinishScenario(scenario));",
              "err": {},
              "uuid": "3340b1d9-1d38-4d8c-bd3e-97521ca19f1e",
              "parentUUID": "4f69d1d4-47be-486f-9fdb-c6b80eefb595",
              "isHook": false,
              "skipped": false
            },
            {
              "title": "Validating user is able to navigate to soluiton Catalogue.",
              "fullTitle": "Solution Catalogue Validating user is able to navigate to soluiton Catalogue.",
              "timedOut": null,
              "duration": 5710,
              "state": "passed",
              "speed": "medium",
              "pass": true,
              "fail": false,
              "pending": false,
              "context": null,
              "code": "const state = window.testState;\nreturn cy\n  .then(() => state.onStartScenario(scenario, indexedSteps))\n  .then(() =>\n    resolveAndRunBeforeHooks.call(this, scenario.tags, state.feature.name)\n  )\n  .then(() =>\n    indexedSteps.forEach((step) =>\n      stepTest.call(this, state, step, rowData)\n    )\n  )\n  .then(() => state.onFinishScenario(scenario));",
              "err": {},
              "uuid": "f85e6bec-de2c-4e99-a53e-4ff7509a3dfa",
              "parentUUID": "4f69d1d4-47be-486f-9fdb-c6b80eefb595",
              "isHook": false,
              "skipped": false
            }
          ],
          "suites": [],
          "passes": [
            "3340b1d9-1d38-4d8c-bd3e-97521ca19f1e",
            "f85e6bec-de2c-4e99-a53e-4ff7509a3dfa"
          ],
          "failures": [],
          "pending": [],
          "skipped": [],
          "duration": 37446,
          "root": false,
          "rootEmpty": false,
          "_timeout": 2000
        }
      ],
      "passes": [],
      "failures": [],
      "pending": [],
      "skipped": [],
      "duration": 0,
      "root": true,
      "rootEmpty": true,
      "_timeout": 2000
    }
  ],
  "meta": {
    "mocha": {
      "version": "7.0.1"
    },
    "mochawesome": {
      "options": {
        "quiet": false,
        "reportFilename": "mochawesome",
        "saveHtml": true,
        "saveJson": true,
        "consoleReporter": "spec",
        "useInlineDiffs": false,
        "code": true
      },
      "version": "7.1.0"
    },
    "marge": {
      "options": null,
      "version": "6.1.0"
    }
  }
}